d:\google_drive\materijal za vezbe\autoelektronika\lekcije_za_sovu\vezba 11-freertos\hw_int_sim\debug\vc142.pdb
d:\google_drive\materijal za vezbe\autoelektronika\lekcije_za_sovu\vezba 11-freertos\hw_int_sim\debug\vc142.idb
d:\google_drive\materijal za vezbe\autoelektronika\lekcije_za_sovu\vezba 11-freertos\hw_int_sim\debug\main_demo.obj
d:\google_drive\materijal za vezbe\autoelektronika\lekcije_za_sovu\vezba 11-freertos\hw_int_sim\debug\main.obj
d:\google_drive\materijal za vezbe\autoelektronika\lekcije_za_sovu\vezba 11-freertos\hw_int_sim\debug\mxdisp7seg._hwsim.obj
d:\google_drive\materijal za vezbe\autoelektronika\lekcije_za_sovu\vezba 11-freertos\hw_int_sim\debug\mxdisp7seg.obj
d:\google_drive\materijal za vezbe\autoelektronika\lekcije_za_sovu\vezba 11-freertos\hw_int_sim\debug\hws_conf.obj
d:\google_drive\materijal za vezbe\autoelektronika\lekcije_za_sovu\vezba 11-freertos\hw_int_sim\debug\hwint.obj
d:\google_drive\materijal za vezbe\autoelektronika\lekcije_za_sovu\vezba 11-freertos\hw_int_sim\debug\common_hwsim.obj
d:\google_drive\materijal za vezbe\autoelektronika\lekcije_za_sovu\vezba 11-freertos\hw_int_sim\debug\timers.obj
d:\google_drive\materijal za vezbe\autoelektronika\lekcije_za_sovu\vezba 11-freertos\hw_int_sim\debug\tasks.obj
d:\google_drive\materijal za vezbe\autoelektronika\lekcije_za_sovu\vezba 11-freertos\hw_int_sim\debug\stream_buffer.obj
d:\google_drive\materijal za vezbe\autoelektronika\lekcije_za_sovu\vezba 11-freertos\hw_int_sim\debug\queue.obj
d:\google_drive\materijal za vezbe\autoelektronika\lekcije_za_sovu\vezba 11-freertos\hw_int_sim\debug\port.obj
d:\google_drive\materijal za vezbe\autoelektronika\lekcije_za_sovu\vezba 11-freertos\hw_int_sim\debug\extint.obj
d:\google_drive\materijal za vezbe\autoelektronika\lekcije_za_sovu\vezba 11-freertos\hw_int_sim\debug\heap_4.obj
d:\google_drive\materijal za vezbe\autoelektronika\lekcije_za_sovu\vezba 11-freertos\hw_int_sim\debug\list.obj
d:\google_drive\materijal za vezbe\autoelektronika\lekcije_za_sovu\vezba 11-freertos\hw_int_sim\debug\event_groups.obj
d:\google_drive\materijal za vezbe\autoelektronika\lekcije_za_sovu\vezba 11-freertos\hw_int_sim\debug\croutine.obj
d:\google_drive\materijal za vezbe\autoelektronika\lekcije_za_sovu\vezba 11-freertos\hw_int_sim\debug\4_vezba_1_zadatak.obj
d:\google_drive\materijal za vezbe\autoelektronika\lekcije_za_sovu\vezba 11-freertos\hw_int_sim\debug\freertos_simulator.ilk
d:\google_drive\materijal za vezbe\autoelektronika\lekcije_za_sovu\vezba 11-freertos\hw_int_sim\debug\freertos_simulator.exe
d:\google_drive\materijal za vezbe\autoelektronika\lekcije_za_sovu\vezba 11-freertos\hw_int_sim\debug\freertos_simulator.pdb
d:\google_drive\materijal za vezbe\autoelektronika\lekcije_za_sovu\vezba 11-freertos\hw_int_sim\debug\hw_int_sim.ilk
d:\google_drive\materijal za vezbe\autoelektronika\lekcije_za_sovu\vezba 11-freertos\hw_int_sim\debug\hw_int_sim.pdb
d:\google_drive\materijal za vezbe\autoelektronika\lekcije_za_sovu\vezba 11-freertos\hw_int_sim\debug\freertos.e6ec87e5.tlog\cl.command.1.tlog
d:\google_drive\materijal za vezbe\autoelektronika\lekcije_za_sovu\vezba 11-freertos\hw_int_sim\debug\freertos.e6ec87e5.tlog\cl.read.1.tlog
d:\google_drive\materijal za vezbe\autoelektronika\lekcije_za_sovu\vezba 11-freertos\hw_int_sim\debug\freertos.e6ec87e5.tlog\cl.write.1.tlog
d:\google_drive\materijal za vezbe\autoelektronika\lekcije_za_sovu\vezba 11-freertos\hw_int_sim\debug\freertos.e6ec87e5.tlog\link-cvtres.read.1.tlog
d:\google_drive\materijal za vezbe\autoelektronika\lekcije_za_sovu\vezba 11-freertos\hw_int_sim\debug\freertos.e6ec87e5.tlog\link-cvtres.write.1.tlog
d:\google_drive\materijal za vezbe\autoelektronika\lekcije_za_sovu\vezba 11-freertos\hw_int_sim\debug\freertos.e6ec87e5.tlog\link-rc.read.1.tlog
d:\google_drive\materijal za vezbe\autoelektronika\lekcije_za_sovu\vezba 11-freertos\hw_int_sim\debug\freertos.e6ec87e5.tlog\link-rc.write.1.tlog
d:\google_drive\materijal za vezbe\autoelektronika\lekcije_za_sovu\vezba 11-freertos\hw_int_sim\debug\freertos.e6ec87e5.tlog\link.9220-cvtres.read.1.tlog
d:\google_drive\materijal za vezbe\autoelektronika\lekcije_za_sovu\vezba 11-freertos\hw_int_sim\debug\freertos.e6ec87e5.tlog\link.9220-cvtres.write.1.tlog
d:\google_drive\materijal za vezbe\autoelektronika\lekcije_za_sovu\vezba 11-freertos\hw_int_sim\debug\freertos.e6ec87e5.tlog\link.9220-rc.read.1.tlog
d:\google_drive\materijal za vezbe\autoelektronika\lekcije_za_sovu\vezba 11-freertos\hw_int_sim\debug\freertos.e6ec87e5.tlog\link.9220-rc.write.1.tlog
d:\google_drive\materijal za vezbe\autoelektronika\lekcije_za_sovu\vezba 11-freertos\hw_int_sim\debug\freertos.e6ec87e5.tlog\link.9220.read.1.tlog
d:\google_drive\materijal za vezbe\autoelektronika\lekcije_za_sovu\vezba 11-freertos\hw_int_sim\debug\freertos.e6ec87e5.tlog\link.9220.write.1.tlog
d:\google_drive\materijal za vezbe\autoelektronika\lekcije_za_sovu\vezba 11-freertos\hw_int_sim\debug\freertos.e6ec87e5.tlog\link.command.1.tlog
d:\google_drive\materijal za vezbe\autoelektronika\lekcije_za_sovu\vezba 11-freertos\hw_int_sim\debug\freertos.e6ec87e5.tlog\link.read.1.tlog
d:\google_drive\materijal za vezbe\autoelektronika\lekcije_za_sovu\vezba 11-freertos\hw_int_sim\debug\freertos.e6ec87e5.tlog\link.write.1.tlog
